Change Component Designator: Old Designator=2k2 New Designator=1
Change Component Designator: Old Designator=3k3 New Designator=2
Change Component Designator: Old Designator=C? New Designator=C8
Change Component Designator: Old Designator=C? New Designator=C9
Change Component Designator: Old Designator=C? New Designator=C10
Change Component Designator: Old Designator=C? New Designator=C11
Change Component Designator: Old Designator=Cong tac New Designator=Cong tac1
Change Component Designator: Old Designator=D? New Designator=D1
Change Component Designator: Old Designator=D? New Designator=D2
Change Component Designator: Old Designator=D? New Designator=D3
Change Component Designator: Old Designator=D? New Designator=D4
Change Component Designator: Old Designator=D? New Designator=D5
Change Component Designator: Old Designator=D? New Designator=D6
Change Component Designator: Old Designator=D? New Designator=D7
Change Component Designator: Old Designator=D? New Designator=D8
Change Component Designator: Old Designator=IC? New Designator=IC2
Change Component Designator: Old Designator=R5 New Designator=R6
Change Component Designator: Old Designator=R6 New Designator=R5
Change Component Designator: Old Designator=Spare_out1 New Designator=Spare_out2
Change Component Designator: Old Designator=Spare_out2 New Designator=Spare_out1
