Removed Pin From Net: NetName=VCC Pin=ADC1-1
Removed Pin From Net: NetName=GND Pin=ADC1-2
Removed Pin From Net: NetName=ADC1 Pin=ADC1-3
Removed Pin From Net: NetName=VCC Pin=ADC2-1
Removed Pin From Net: NetName=GND Pin=ADC2-2
Removed Pin From Net: NetName=ADC2 Pin=ADC2-3
Removed Pin From Net: NetName=12V Pin=C5-1
Removed Pin From Net: NetName=GND Pin=C5-2
Removed Pin From Net: NetName=GND Pin=C7-1
Removed Pin From Net: NetName=VCC Pin=C7-2
Removed Pin From Net: NetName=NetDIO1_1 Pin=DIO1-1
Removed Pin From Net: NetName=12V Pin=DIO1-2
Removed Pin From Net: NetName=NetDIO2_1 Pin=DIO2-1
Removed Pin From Net: NetName=12V Pin=DIO2-2
Removed Pin From Net: NetName=12V Pin=Fan1-1
Removed Pin From Net: NetName=NetDIO2_1 Pin=Fan1-2
Removed Pin From Net: NetName=12V Pin=LED1-1
Removed Pin From Net: NetName=NetLED1_2 Pin=LED1-2
Removed Pin From Net: NetName=12V Pin=LED2-1
Removed Pin From Net: NetName=Led12v_2 Pin=LED2-2
Removed Pin From Net: NetName=12V Pin=LED3-1
Removed Pin From Net: NetName=NetLED3_2 Pin=LED3-2
Removed Pin From Net: NetName=12V Pin=LED5-1
Removed Pin From Net: NetName=NetLED5_2 Pin=LED5-2
Removed Pin From Net: NetName=12V Pin=LED6-1
Removed Pin From Net: NetName=NetLED6_2 Pin=LED6-2
Removed Pin From Net: NetName=12V Pin=LED7-1
Removed Pin From Net: NetName=NetLED7_2 Pin=LED7-2
Removed Pin From Net: NetName=DHT11 Pin=MD1-5
Removed Pin From Net: NetName=TX_AS608 Pin=MD1-6
Removed Pin From Net: NetName=RX_AS608 Pin=MD1-7
Removed Pin From Net: NetName=Led2 Pin=MD1-9
Removed Pin From Net: NetName=Led1 Pin=MD1-10
Removed Pin From Net: NetName=ADC2 Pin=MD1-19
Removed Pin From Net: NetName=VCC Pin=PCF1-1
Removed Pin From Net: NetName=GND Pin=PCF1-2
Removed Pin From Net: NetName=LCD_SDA Pin=PCF1-3
Removed Pin From Net: NetName=LCD_SCL Pin=PCF1-4
Removed Pin From Net: NetName=NetQ1_1 Pin=Q1-1
Removed Pin From Net: NetName=NetDIO1_1 Pin=Q1-2
Removed Pin From Net: NetName=GND Pin=Q1-3
Removed Pin From Net: NetName=NetQ2_1 Pin=Q2-1
Removed Pin From Net: NetName=NetDIO2_1 Pin=Q2-2
Removed Pin From Net: NetName=GND Pin=Q2-3
Removed Pin From Net: NetName=NetLED1_2 Pin=R1-1
Removed Pin From Net: NetName=Led12v_1 Pin=R1-2
Removed Pin From Net: NetName=NetLED3_2 Pin=R2-1
Removed Pin From Net: NetName=Led12v_2 Pin=R2-2
Removed Pin From Net: NetName=NetLED5_2 Pin=R3-1
Removed Pin From Net: NetName=NetLED6_2 Pin=R4-1
Removed Pin From Net: NetName=NetDIO1_1 Pin=R4-2
Removed Pin From Net: NetName=NetQ1_1 Pin=R5-1
Removed Pin From Net: NetName=Spare_out1 Pin=R5-2
Removed Pin From Net: NetName=NetLED7_2 Pin=R6-1
Removed Pin From Net: NetName=NetDIO2_1 Pin=R6-2
Removed Pin From Net: NetName=NetQ2_1 Pin=R7-1
Removed Pin From Net: NetName=Fan Pin=R7-2
Removed Pin From Net: NetName=VCC Pin=Servo1-1
Removed Pin From Net: NetName=GND Pin=Servo1-2
Removed Pin From Net: NetName=12V Pin=Spare_out1-1
Removed Pin From Net: NetName=NetDIO1_1 Pin=Spare_out1-2
Removed Pin From Net: NetName=12V Pin=Spare_out2-1
Removed Pin From Net: NetName=Led1 Pin=ULN1-1
Removed Pin From Net: NetName=Led2 Pin=ULN1-2
Removed Pin From Net: NetName=GND Pin=ULN1-9
Removed Pin From Net: NetName=12V Pin=ULN1-10
Removed Pin From Net: NetName=Led12v_2 Pin=ULN1-17
Removed Pin From Net: NetName=Led12v_1 Pin=ULN1-18
Removed Member From Class: ClassName=SmartHome Member=ADC1
Removed Member From Class: ClassName=SmartHome Member=ADC2
Removed Member From Class: ClassName=SmartHome Member=C5
Removed Member From Class: ClassName=SmartHome Member=C7
Removed Member From Class: ClassName=SmartHome Member=DIO1
Removed Member From Class: ClassName=SmartHome Member=DIO2
Removed Member From Class: ClassName=SmartHome Member=Fan1
Removed Member From Class: ClassName=SmartHome Member=LED1
Removed Member From Class: ClassName=SmartHome Member=LED2
Removed Member From Class: ClassName=SmartHome Member=LED3
Removed Member From Class: ClassName=SmartHome Member=LED5
Removed Member From Class: ClassName=SmartHome Member=LED6
Removed Member From Class: ClassName=SmartHome Member=LED7
Removed Member From Class: ClassName=SmartHome Member=PCF1
Removed Member From Class: ClassName=SmartHome Member=Q1
Removed Member From Class: ClassName=SmartHome Member=Q2
Removed Member From Class: ClassName=SmartHome Member=R1
Removed Member From Class: ClassName=SmartHome Member=R2
Removed Member From Class: ClassName=SmartHome Member=R3
Removed Member From Class: ClassName=SmartHome Member=R4
Removed Member From Class: ClassName=SmartHome Member=R5
Removed Member From Class: ClassName=SmartHome Member=R6
Removed Member From Class: ClassName=SmartHome Member=R7
Removed Member From Class: ClassName=SmartHome Member=Servo1
Removed Member From Class: ClassName=SmartHome Member=Spare_out1
Removed Member From Class: ClassName=SmartHome Member=Spare_out2
Removed Member From Class: ClassName=SmartHome Member=ULN1
Change Component Footprint: Designator=C1 Old Footprint=C10mm New Footprint=C8mm
Change Component Designator: OldDesignator=2k2 NewDesignator=1
Change Component Designator: OldDesignator=3k3 NewDesignator=2
Change Component Designator: OldDesignator=Cong tac NewDesignator=Cong tac1
Change component parameters (AddParameter): Name = "Ma_Hang"; Value = "MH001036"; VariantName = "[No Variations]"
Change component parameters (AddParameter): Name = "Ten"; Value = "Nút Nh?n 2 Chân 3x6x2.5MM SMD"; VariantName = "[No Variations]"
Change component parameters. Clean all parameters for all variants
Change component parameters (AddParameter): Name = "Ma_Hang"; Value = "MH001036"; VariantName = "[No Variations]"
Change component parameters (AddParameter): Name = "Ten"; Value = "Nút Nh?n 2 Chân 3x6x2.5MM SMD"; VariantName = "[No Variations]"
Add component (AddParameter): Name = "LatestRevisionDate"; Value = "17-Jul-2002"; VariantName = "[No Variations]"
Add component (AddParameter): Name = "LatestRevisionNote"; Value = "Re-released for DXP Platform."; VariantName = "[No Variations]"
Add component (AddParameter): Name = "PackageReference"; Value = "POLAR0.8"; VariantName = "[No Variations]"
Add component (AddParameter): Name = "Published"; Value = "8-Jun-2000"; VariantName = "[No Variations]"
Add component (AddParameter): Name = "Publisher"; Value = "Altium Limited"; VariantName = "[No Variations]"
Added Component: Designator=C8(C5mm)
Add component. Clean all parameters for all variants
Add component (AddParameter): Name = "LatestRevisionDate"; Value = "17-Jul-2002"; VariantName = "[No Variations]"
Add component (AddParameter): Name = "LatestRevisionNote"; Value = "Re-released for DXP Platform."; VariantName = "[No Variations]"
Add component (AddParameter): Name = "PackageReference"; Value = "POLAR0.8"; VariantName = "[No Variations]"
Add component (AddParameter): Name = "Published"; Value = "8-Jun-2000"; VariantName = "[No Variations]"
Add component (AddParameter): Name = "Publisher"; Value = "Altium Limited"; VariantName = "[No Variations]"
Add component (AddParameter): Name = "ComponentLink1 Description"; Value = "Manufacturer"; VariantName = "[No Variations]"
Add component (AddParameter): Name = "ComponentLink1URL"; Value = "http://www.we-online.com"; VariantName = "[No Variations]"
Add component (AddParameter): Name = "ComponentLink2 Description"; Value = "Datasheet"; VariantName = "[No Variations]"
Add component (AddParameter): Name = "ComponentLink2URL"; Value = "http://katalog.we-online.de/em/datasheet/6130xx143121.pdf"; VariantName = "[No Variations]"
Add component (AddParameter): Name = "Created by"; Value = "Karrer Zheng"; VariantName = "[No Variations]"
Add component (AddParameter): Name = "Created Date"; Value = "29 March 2013"; VariantName = "[No Variations]"
Add component (AddParameter): Name = "Manufacturer"; Value = "W¨¹rth Elektronik eiSos GmbH"; VariantName = "[No Variations]"
Add component (AddParameter): Name = "NoPins"; Value = "02"; VariantName = "[No Variations]"
Add component (AddParameter): Name = "partNo"; Value = "613002143121"; VariantName = "[No Variations]"
Added Component: Designator=C9(JP2-CLOSED)
Add component. Clean all parameters for all variants
Add component (AddParameter): Name = "ComponentLink1 Description"; Value = "Manufacturer"; VariantName = "[No Variations]"
Add component (AddParameter): Name = "ComponentLink1URL"; Value = "http://www.we-online.com"; VariantName = "[No Variations]"
Add component (AddParameter): Name = "ComponentLink2 Description"; Value = "Datasheet"; VariantName = "[No Variations]"
Add component (AddParameter): Name = "ComponentLink2URL"; Value = "http://katalog.we-online.de/em/datasheet/6130xx143121.pdf"; VariantName = "[No Variations]"
Add component (AddParameter): Name = "Created by"; Value = "Karrer Zheng"; VariantName = "[No Variations]"
Add component (AddParameter): Name = "Created Date"; Value = "29 March 2013"; VariantName = "[No Variations]"
Add component (AddParameter): Name = "Manufacturer"; Value = "W¨¹rth Elektronik eiSos GmbH"; VariantName = "[No Variations]"
Add component (AddParameter): Name = "NoPins"; Value = "02"; VariantName = "[No Variations]"
Add component (AddParameter): Name = "partNo"; Value = "613002143121"; VariantName = "[No Variations]"
Add component (AddParameter): Name = "LatestRevisionDate"; Value = "17-Jul-2002"; VariantName = "[No Variations]"
Add component (AddParameter): Name = "LatestRevisionNote"; Value = "Re-released for DXP Platform."; VariantName = "[No Variations]"
Add component (AddParameter): Name = "PackageReference"; Value = "POLAR0.8"; VariantName = "[No Variations]"
Add component (AddParameter): Name = "Published"; Value = "8-Jun-2000"; VariantName = "[No Variations]"
Add component (AddParameter): Name = "Publisher"; Value = "Altium Limited"; VariantName = "[No Variations]"
Added Component: Designator=C10(C8mm)
Add component. Clean all parameters for all variants
Add component (AddParameter): Name = "LatestRevisionDate"; Value = "17-Jul-2002"; VariantName = "[No Variations]"
Add component (AddParameter): Name = "LatestRevisionNote"; Value = "Re-released for DXP Platform."; VariantName = "[No Variations]"
Add component (AddParameter): Name = "PackageReference"; Value = "POLAR0.8"; VariantName = "[No Variations]"
Add component (AddParameter): Name = "Published"; Value = "8-Jun-2000"; VariantName = "[No Variations]"
Add component (AddParameter): Name = "Publisher"; Value = "Altium Limited"; VariantName = "[No Variations]"
Add component (AddParameter): Name = "ComponentLink1 Description"; Value = "Manufacturer"; VariantName = "[No Variations]"
Add component (AddParameter): Name = "ComponentLink1URL"; Value = "http://www.we-online.com"; VariantName = "[No Variations]"
Add component (AddParameter): Name = "ComponentLink2 Description"; Value = "Datasheet"; VariantName = "[No Variations]"
Add component (AddParameter): Name = "ComponentLink2URL"; Value = "http://katalog.we-online.de/em/datasheet/6130xx143121.pdf"; VariantName = "[No Variations]"
Add component (AddParameter): Name = "Created by"; Value = "Karrer Zheng"; VariantName = "[No Variations]"
Add component (AddParameter): Name = "Created Date"; Value = "29 March 2013"; VariantName = "[No Variations]"
Add component (AddParameter): Name = "Manufacturer"; Value = "W¨¹rth Elektronik eiSos GmbH"; VariantName = "[No Variations]"
Add component (AddParameter): Name = "NoPins"; Value = "02"; VariantName = "[No Variations]"
Add component (AddParameter): Name = "partNo"; Value = "613002143121"; VariantName = "[No Variations]"
Added Component: Designator=C11(JP2-CLOSED)
Add component. Clean all parameters for all variants
Add component (AddParameter): Name = "ComponentLink1 Description"; Value = "Manufacturer"; VariantName = "[No Variations]"
Add component (AddParameter): Name = "ComponentLink1URL"; Value = "http://www.we-online.com"; VariantName = "[No Variations]"
Add component (AddParameter): Name = "ComponentLink2 Description"; Value = "Datasheet"; VariantName = "[No Variations]"
Add component (AddParameter): Name = "ComponentLink2URL"; Value = "http://katalog.we-online.de/em/datasheet/6130xx143121.pdf"; VariantName = "[No Variations]"
Add component (AddParameter): Name = "Created by"; Value = "Karrer Zheng"; VariantName = "[No Variations]"
Add component (AddParameter): Name = "Created Date"; Value = "29 March 2013"; VariantName = "[No Variations]"
Add component (AddParameter): Name = "Manufacturer"; Value = "W¨¹rth Elektronik eiSos GmbH"; VariantName = "[No Variations]"
Add component (AddParameter): Name = "NoPins"; Value = "02"; VariantName = "[No Variations]"
Add component (AddParameter): Name = "partNo"; Value = "613002143121"; VariantName = "[No Variations]"
Add component (AddParameter): Name = "Code - JEDEC"; Value = "DO-214-AB"; VariantName = "[No Variations]"
Add component (AddParameter): Name = "Published"; Value = "8-Jun-2000"; VariantName = "[No Variations]"
Add component (AddParameter): Name = "Publisher"; Value = "Altium Limited"; VariantName = "[No Variations]"
Add component (AddParameter): Name = "Revision"; Value = "July-2002: Re-released for DXP Platform."; VariantName = "[No Variations]"
Add component (AddParameter): Name = "Value"; Value = "1N5007"; VariantName = "[No Variations]"
Added Component: Designator=D1(DIO-SMD-106)
Add component. Clean all parameters for all variants
Add component (AddParameter): Name = "Code - JEDEC"; Value = "DO-214-AB"; VariantName = "[No Variations]"
Add component (AddParameter): Name = "Published"; Value = "8-Jun-2000"; VariantName = "[No Variations]"
Add component (AddParameter): Name = "Publisher"; Value = "Altium Limited"; VariantName = "[No Variations]"
Add component (AddParameter): Name = "Revision"; Value = "July-2002: Re-released for DXP Platform."; VariantName = "[No Variations]"
Add component (AddParameter): Name = "Value"; Value = "1N5007"; VariantName = "[No Variations]"
Add component (AddParameter): Name = "Code - JEDEC"; Value = "DO-214-AB"; VariantName = "[No Variations]"
Add component (AddParameter): Name = "Published"; Value = "8-Jun-2000"; VariantName = "[No Variations]"
Add component (AddParameter): Name = "Publisher"; Value = "Altium Limited"; VariantName = "[No Variations]"
Add component (AddParameter): Name = "Revision"; Value = "July-2002: Re-released for DXP Platform."; VariantName = "[No Variations]"
Add component (AddParameter): Name = "Value"; Value = "1N5007"; VariantName = "[No Variations]"
Added Component: Designator=D2(DIO-SMD-106)
Add component. Clean all parameters for all variants
Add component (AddParameter): Name = "Code - JEDEC"; Value = "DO-214-AB"; VariantName = "[No Variations]"
Add component (AddParameter): Name = "Published"; Value = "8-Jun-2000"; VariantName = "[No Variations]"
Add component (AddParameter): Name = "Publisher"; Value = "Altium Limited"; VariantName = "[No Variations]"
Add component (AddParameter): Name = "Revision"; Value = "July-2002: Re-released for DXP Platform."; VariantName = "[No Variations]"
Add component (AddParameter): Name = "Value"; Value = "1N5007"; VariantName = "[No Variations]"
Add component (AddParameter): Name = "Code - JEDEC"; Value = "DO-214-AB"; VariantName = "[No Variations]"
Add component (AddParameter): Name = "Published"; Value = "8-Jun-2000"; VariantName = "[No Variations]"
Add component (AddParameter): Name = "Publisher"; Value = "Altium Limited"; VariantName = "[No Variations]"
Add component (AddParameter): Name = "Revision"; Value = "July-2002: Re-released for DXP Platform."; VariantName = "[No Variations]"
Add component (AddParameter): Name = "Value"; Value = "1N5007"; VariantName = "[No Variations]"
Added Component: Designator=D3(DIO-SMD-106)
Add component. Clean all parameters for all variants
Add component (AddParameter): Name = "Code - JEDEC"; Value = "DO-214-AB"; VariantName = "[No Variations]"
Add component (AddParameter): Name = "Published"; Value = "8-Jun-2000"; VariantName = "[No Variations]"
Add component (AddParameter): Name = "Publisher"; Value = "Altium Limited"; VariantName = "[No Variations]"
Add component (AddParameter): Name = "Revision"; Value = "July-2002: Re-released for DXP Platform."; VariantName = "[No Variations]"
Add component (AddParameter): Name = "Value"; Value = "1N5007"; VariantName = "[No Variations]"
Add component (AddParameter): Name = "Code - JEDEC"; Value = "DO-214-AB"; VariantName = "[No Variations]"
Add component (AddParameter): Name = "Published"; Value = "8-Jun-2000"; VariantName = "[No Variations]"
Add component (AddParameter): Name = "Publisher"; Value = "Altium Limited"; VariantName = "[No Variations]"
Add component (AddParameter): Name = "Revision"; Value = "July-2002: Re-released for DXP Platform."; VariantName = "[No Variations]"
Add component (AddParameter): Name = "Value"; Value = "1N5007"; VariantName = "[No Variations]"
Added Component: Designator=D4(DIO-SMD-106)
Add component. Clean all parameters for all variants
Add component (AddParameter): Name = "Code - JEDEC"; Value = "DO-214-AB"; VariantName = "[No Variations]"
Add component (AddParameter): Name = "Published"; Value = "8-Jun-2000"; VariantName = "[No Variations]"
Add component (AddParameter): Name = "Publisher"; Value = "Altium Limited"; VariantName = "[No Variations]"
Add component (AddParameter): Name = "Revision"; Value = "July-2002: Re-released for DXP Platform."; VariantName = "[No Variations]"
Add component (AddParameter): Name = "Value"; Value = "1N5007"; VariantName = "[No Variations]"
Add component (AddParameter): Name = "Code - JEDEC"; Value = "DO-214-AB"; VariantName = "[No Variations]"
Add component (AddParameter): Name = "Published"; Value = "8-Jun-2000"; VariantName = "[No Variations]"
Add component (AddParameter): Name = "Publisher"; Value = "Altium Limited"; VariantName = "[No Variations]"
Add component (AddParameter): Name = "Revision"; Value = "July-2002: Re-released for DXP Platform."; VariantName = "[No Variations]"
Add component (AddParameter): Name = "Value"; Value = "1N5007"; VariantName = "[No Variations]"
Added Component: Designator=D5(DIO-SMD-106)
Add component. Clean all parameters for all variants
Add component (AddParameter): Name = "Code - JEDEC"; Value = "DO-214-AB"; VariantName = "[No Variations]"
Add component (AddParameter): Name = "Published"; Value = "8-Jun-2000"; VariantName = "[No Variations]"
Add component (AddParameter): Name = "Publisher"; Value = "Altium Limited"; VariantName = "[No Variations]"
Add component (AddParameter): Name = "Revision"; Value = "July-2002: Re-released for DXP Platform."; VariantName = "[No Variations]"
Add component (AddParameter): Name = "Value"; Value = "1N5007"; VariantName = "[No Variations]"
Add component (AddParameter): Name = "Code - JEDEC"; Value = "DO-214-AB"; VariantName = "[No Variations]"
Add component (AddParameter): Name = "Published"; Value = "8-Jun-2000"; VariantName = "[No Variations]"
Add component (AddParameter): Name = "Publisher"; Value = "Altium Limited"; VariantName = "[No Variations]"
Add component (AddParameter): Name = "Revision"; Value = "July-2002: Re-released for DXP Platform."; VariantName = "[No Variations]"
Add component (AddParameter): Name = "Value"; Value = "1N5007"; VariantName = "[No Variations]"
Added Component: Designator=D6(DIO-SMD-106)
Add component. Clean all parameters for all variants
Add component (AddParameter): Name = "Code - JEDEC"; Value = "DO-214-AB"; VariantName = "[No Variations]"
Add component (AddParameter): Name = "Published"; Value = "8-Jun-2000"; VariantName = "[No Variations]"
Add component (AddParameter): Name = "Publisher"; Value = "Altium Limited"; VariantName = "[No Variations]"
Add component (AddParameter): Name = "Revision"; Value = "July-2002: Re-released for DXP Platform."; VariantName = "[No Variations]"
Add component (AddParameter): Name = "Value"; Value = "1N5007"; VariantName = "[No Variations]"
Add component (AddParameter): Name = "Code - JEDEC"; Value = "DO-214-AB"; VariantName = "[No Variations]"
Add component (AddParameter): Name = "Published"; Value = "8-Jun-2000"; VariantName = "[No Variations]"
Add component (AddParameter): Name = "Publisher"; Value = "Altium Limited"; VariantName = "[No Variations]"
Add component (AddParameter): Name = "Revision"; Value = "July-2002: Re-released for DXP Platform."; VariantName = "[No Variations]"
Add component (AddParameter): Name = "Value"; Value = "1N5007"; VariantName = "[No Variations]"
Added Component: Designator=D7(DIO-SMD-106)
Add component. Clean all parameters for all variants
Add component (AddParameter): Name = "Code - JEDEC"; Value = "DO-214-AB"; VariantName = "[No Variations]"
Add component (AddParameter): Name = "Published"; Value = "8-Jun-2000"; VariantName = "[No Variations]"
Add component (AddParameter): Name = "Publisher"; Value = "Altium Limited"; VariantName = "[No Variations]"
Add component (AddParameter): Name = "Revision"; Value = "July-2002: Re-released for DXP Platform."; VariantName = "[No Variations]"
Add component (AddParameter): Name = "Value"; Value = "1N5007"; VariantName = "[No Variations]"
Add component (AddParameter): Name = "Code - JEDEC"; Value = "DO-214-AB"; VariantName = "[No Variations]"
Add component (AddParameter): Name = "Published"; Value = "8-Jun-2000"; VariantName = "[No Variations]"
Add component (AddParameter): Name = "Publisher"; Value = "Altium Limited"; VariantName = "[No Variations]"
Add component (AddParameter): Name = "Revision"; Value = "July-2002: Re-released for DXP Platform."; VariantName = "[No Variations]"
Add component (AddParameter): Name = "Value"; Value = "1N5007"; VariantName = "[No Variations]"
Added Component: Designator=D8(DIO-SMD-106)
Add component. Clean all parameters for all variants
Add component (AddParameter): Name = "Code - JEDEC"; Value = "DO-214-AB"; VariantName = "[No Variations]"
Add component (AddParameter): Name = "Published"; Value = "8-Jun-2000"; VariantName = "[No Variations]"
Add component (AddParameter): Name = "Publisher"; Value = "Altium Limited"; VariantName = "[No Variations]"
Add component (AddParameter): Name = "Revision"; Value = "July-2002: Re-released for DXP Platform."; VariantName = "[No Variations]"
Add component (AddParameter): Name = "Value"; Value = "1N5007"; VariantName = "[No Variations]"
Add component (AddParameter): Name = "ComponentLink1Description"; Value = "Manufacturer Link"; VariantName = "[No Variations]"
Add component (AddParameter): Name = "ComponentLink1URL"; Value = "http://www.ti.com/"; VariantName = "[No Variations]"
Add component (AddParameter): Name = "DatasheetVersion"; Value = "Jun-1990"; VariantName = "[No Variations]"
Add component (AddParameter): Name = "Note"; Value = "The tab is elec is connected to GND pin"; VariantName = "[No Variations]"
Add component (AddParameter): Name = "PackageDescription"; Value = "TO, Thru-Hole, Vertical, Heatsink Mounted; 15 Bent Staggered Leads; Pitch 1.27 mm"; VariantName = "[No Variations]"
Add component (AddParameter): Name = "PackageReference"; Value = "KV015"; VariantName = "[No Variations]"
Add component (AddParameter): Name = "Published"; Value = "15-May-2002"; VariantName = "[No Variations]"
Add component (AddParameter): Name = "Publisher"; Value = "Altium Limited"; VariantName = "[No Variations]"
Added Component: Designator=IC2(DIP15SL2)
Add component. Clean all parameters for all variants
Add component (AddParameter): Name = "ComponentLink1Description"; Value = "Manufacturer Link"; VariantName = "[No Variations]"
Add component (AddParameter): Name = "ComponentLink1URL"; Value = "http://www.ti.com/"; VariantName = "[No Variations]"
Add component (AddParameter): Name = "DatasheetVersion"; Value = "Jun-1990"; VariantName = "[No Variations]"
Add component (AddParameter): Name = "Note"; Value = "The tab is elec is connected to GND pin"; VariantName = "[No Variations]"
Add component (AddParameter): Name = "PackageDescription"; Value = "TO, Thru-Hole, Vertical, Heatsink Mounted; 15 Bent Staggered Leads; Pitch 1.27 mm"; VariantName = "[No Variations]"
Add component (AddParameter): Name = "PackageReference"; Value = "KV015"; VariantName = "[No Variations]"
Add component (AddParameter): Name = "Published"; Value = "15-May-2002"; VariantName = "[No Variations]"
Add component (AddParameter): Name = "Publisher"; Value = "Altium Limited"; VariantName = "[No Variations]"
Added Component: Designator=LCD1(LCD16X2N)
Add component. Clean all parameters for all variants
Add component (AddParameter): Name = "ComponentLink1 Description"; Value = "Manufacturer"; VariantName = "[No Variations]"
Add component (AddParameter): Name = "ComponentLink1URL"; Value = "http://www.we-online.com"; VariantName = "[No Variations]"
Add component (AddParameter): Name = "ComponentLink2 Description"; Value = "Datasheet"; VariantName = "[No Variations]"
Add component (AddParameter): Name = "ComponentLink2URL"; Value = "http://katalog.we-online.de/em/datasheet/6130xx143121.pdf"; VariantName = "[No Variations]"
Add component (AddParameter): Name = "Created by"; Value = "Karrer Zheng"; VariantName = "[No Variations]"
Add component (AddParameter): Name = "Created Date"; Value = "29 March 2013"; VariantName = "[No Variations]"
Add component (AddParameter): Name = "Manufacturer"; Value = "W¨¹rth Elektronik eiSos GmbH"; VariantName = "[No Variations]"
Add component (AddParameter): Name = "NoPins"; Value = "02"; VariantName = "[No Variations]"
Add component (AddParameter): Name = "partNo"; Value = "613002143121"; VariantName = "[No Variations]"
Added Component: Designator=Left_motor(Header6)
Add component. Clean all parameters for all variants
Add component (AddParameter): Name = "ComponentLink1 Description"; Value = "Manufacturer"; VariantName = "[No Variations]"
Add component (AddParameter): Name = "ComponentLink1URL"; Value = "http://www.we-online.com"; VariantName = "[No Variations]"
Add component (AddParameter): Name = "ComponentLink2 Description"; Value = "Datasheet"; VariantName = "[No Variations]"
Add component (AddParameter): Name = "ComponentLink2URL"; Value = "http://katalog.we-online.de/em/datasheet/6130xx143121.pdf"; VariantName = "[No Variations]"
Add component (AddParameter): Name = "Created by"; Value = "Karrer Zheng"; VariantName = "[No Variations]"
Add component (AddParameter): Name = "Created Date"; Value = "29 March 2013"; VariantName = "[No Variations]"
Add component (AddParameter): Name = "Manufacturer"; Value = "W¨¹rth Elektronik eiSos GmbH"; VariantName = "[No Variations]"
Add component (AddParameter): Name = "NoPins"; Value = "02"; VariantName = "[No Variations]"
Add component (AddParameter): Name = "partNo"; Value = "613002143121"; VariantName = "[No Variations]"
Add component (AddParameter): Name = "ComponentLink1 Description"; Value = "Manufacturer"; VariantName = "[No Variations]"
Add component (AddParameter): Name = "ComponentLink1URL"; Value = "http://www.we-online.com"; VariantName = "[No Variations]"
Add component (AddParameter): Name = "ComponentLink2 Description"; Value = "Datasheet"; VariantName = "[No Variations]"
Add component (AddParameter): Name = "ComponentLink2URL"; Value = "http://katalog.we-online.de/em/datasheet/6130xx143121.pdf"; VariantName = "[No Variations]"
Add component (AddParameter): Name = "Created by"; Value = "Karrer Zheng"; VariantName = "[No Variations]"
Add component (AddParameter): Name = "Created Date"; Value = "29 March 2013"; VariantName = "[No Variations]"
Add component (AddParameter): Name = "Manufacturer"; Value = "W¨¹rth Elektronik eiSos GmbH"; VariantName = "[No Variations]"
Add component (AddParameter): Name = "NoPins"; Value = "02"; VariantName = "[No Variations]"
Add component (AddParameter): Name = "partNo"; Value = "613002143121"; VariantName = "[No Variations]"
Added Component: Designator=Right_motor(Header6)
Add component. Clean all parameters for all variants
Add component (AddParameter): Name = "ComponentLink1 Description"; Value = "Manufacturer"; VariantName = "[No Variations]"
Add component (AddParameter): Name = "ComponentLink1URL"; Value = "http://www.we-online.com"; VariantName = "[No Variations]"
Add component (AddParameter): Name = "ComponentLink2 Description"; Value = "Datasheet"; VariantName = "[No Variations]"
Add component (AddParameter): Name = "ComponentLink2URL"; Value = "http://katalog.we-online.de/em/datasheet/6130xx143121.pdf"; VariantName = "[No Variations]"
Add component (AddParameter): Name = "Created by"; Value = "Karrer Zheng"; VariantName = "[No Variations]"
Add component (AddParameter): Name = "Created Date"; Value = "29 March 2013"; VariantName = "[No Variations]"
Add component (AddParameter): Name = "Manufacturer"; Value = "W¨¹rth Elektronik eiSos GmbH"; VariantName = "[No Variations]"
Add component (AddParameter): Name = "NoPins"; Value = "02"; VariantName = "[No Variations]"
Add component (AddParameter): Name = "partNo"; Value = "613002143121"; VariantName = "[No Variations]"
Added Pin To Net: NetName=VCC Pin=C8-1
Added Pin To Net: NetName=GND Pin=C8-2
Added Pin To Net: NetName=GND Pin=C9-1
Added Pin To Net: NetName=NetQ2_1 Pin=C9-2
Added Pin To Net: NetName=12V Pin=C10-1
Added Pin To Net: NetName=GND Pin=C10-2
Added Pin To Net: NetName=NetQ1_1 Pin=C11-1
Added Pin To Net: NetName=GND Pin=C11-2
Added Pin To Net: NetName=Led12v_1 Pin=D1-1
Added Pin To Net: NetName=12V Pin=D1-2
Added Pin To Net: NetName=Led2 Pin=D2-1
Added Pin To Net: NetName=12V Pin=D2-2
Added Pin To Net: NetName=Led1 Pin=D3-1
Added Pin To Net: NetName=12V Pin=D3-2
Added Pin To Net: NetName=ADC2 Pin=D4-1
Added Pin To Net: NetName=12V Pin=D4-2
Added Pin To Net: NetName=GND Pin=D5-1
Added Pin To Net: NetName=Led12v_1 Pin=D5-2
Added Pin To Net: NetName=GND Pin=D6-1
Added Pin To Net: NetName=Led2 Pin=D6-2
Added Pin To Net: NetName=GND Pin=D7-1
Added Pin To Net: NetName=Led1 Pin=D7-2
Added Pin To Net: NetName=GND Pin=D8-1
Added Pin To Net: NetName=ADC2 Pin=D8-2
Added Pin To Net: NetName=GND Pin=IC2-1
Added Pin To Net: NetName=Led12v_1 Pin=IC2-2
Added Pin To Net: NetName=Led2 Pin=IC2-3
Added Pin To Net: NetName=12V Pin=IC2-4
Added Pin To Net: NetName=NetLED1_2 Pin=IC2-5
Added Pin To Net: NetName=NetQ2_1 Pin=IC2-6
Added Pin To Net: NetName=NetDIO2_1 Pin=IC2-7
Added Pin To Net: NetName=GND Pin=IC2-8
Added Pin To Net: NetName=VCC Pin=IC2-9
Added Pin To Net: NetName=NetDIO1_1 Pin=IC2-10
Added Pin To Net: NetName=NetQ1_1 Pin=IC2-11
Added Pin To Net: NetName=Led12v_2 Pin=IC2-12
Added Pin To Net: NetName=Led1 Pin=IC2-13
Added Pin To Net: NetName=ADC2 Pin=IC2-14
Added Pin To Net: NetName=GND Pin=IC2-15
Added Pin To Net: NetName=Led2 Pin=Left_motor-1
Added Pin To Net: NetName=GND Pin=Left_motor-2
Added Pin To Net: NetName=NetLED7_2 Pin=Left_motor-3
Added Pin To Net: NetName=NetLED5_2 Pin=Left_motor-4
Added Pin To Net: NetName=3V3 Pin=Left_motor-5
Added Pin To Net: NetName=Led12v_1 Pin=Left_motor-6
Added Pin To Net: NetName=NetQ1_1 Pin=MD1-3
Added Pin To Net: NetName=NetLED1_2 Pin=MD1-4
Added Pin To Net: NetName=NetDIO2_1 Pin=MD1-5
Added Pin To Net: NetName=Led12v_2 Pin=MD1-9
Added Pin To Net: NetName=NetDIO1_1 Pin=MD1-10
Added Pin To Net: NetName=NetQ2_1 Pin=MD1-19
Added Pin To Net: NetName=ADC2 Pin=Right_motor-1
Added Pin To Net: NetName=GND Pin=Right_motor-2
Added Pin To Net: NetName=NetLED6_2 Pin=Right_motor-3
Added Pin To Net: NetName=NetLED3_2 Pin=Right_motor-4
Added Pin To Net: NetName=3V3 Pin=Right_motor-5
Added Pin To Net: NetName=Led1 Pin=Right_motor-6
Change Net Name : Old Net Name=ADC2 New Net Name=Out4
Change Net Name : Old Net Name=Led1 New Net Name=Out3
Change Net Name : Old Net Name=Led2 New Net Name=Out2
Change Net Name : Old Net Name=Led12v_1 New Net Name=Out1
Change Net Name : Old Net Name=Led12v_2 New Net Name=In4
Change Net Name : Old Net Name=Net2k2_1 New Net Name=Net1_1
Change Net Name : Old Net Name=NetCong tac_1 New Net Name=NetCong tac1_1
Change Net Name : Old Net Name=NetCong tac_2 New Net Name=NetCong tac1_2
Change Net Name : Old Net Name=NetDIO1_1 New Net Name=In3
Change Net Name : Old Net Name=NetDIO2_1 New Net Name=In2
Change Net Name : Old Net Name=NetLED1_2 New Net Name=In1
Change Net Name : Old Net Name=NetLED3_2 New Net Name=Enco_B_R
Change Net Name : Old Net Name=NetLED5_2 New Net Name=Enco_B_L
Change Net Name : Old Net Name=NetLED6_2 New Net Name=Enco_A_R
Change Net Name : Old Net Name=NetLED7_2 New Net Name=Enco_A_L
Change Net Name : Old Net Name=NetQ1_1 New Net Name=En2
Change Net Name : Old Net Name=NetQ2_1 New Net Name=En1
Change Class Name : Old Net Name=SmartHome New Net Name=AutoCar
Added Member To Class: ClassName=AutoCar Member=Component C8 100uF/16v
Added Member To Class: ClassName=AutoCar Member=Component C9 JP2
Added Member To Class: ClassName=AutoCar Member=Component C10 1000uF/16V
Added Member To Class: ClassName=AutoCar Member=Component C11 JP2
Added Member To Class: ClassName=AutoCar Member=Component D1 Diode SMD
Added Member To Class: ClassName=AutoCar Member=Component D2 Diode SMD
Added Member To Class: ClassName=AutoCar Member=Component D3 Diode SMD
Added Member To Class: ClassName=AutoCar Member=Component D4 Diode SMD
Added Member To Class: ClassName=AutoCar Member=Component D5 Diode SMD
Added Member To Class: ClassName=AutoCar Member=Component D6 Diode SMD
Added Member To Class: ClassName=AutoCar Member=Component D7 Diode SMD
Added Member To Class: ClassName=AutoCar Member=Component D8 Diode SMD
Added Member To Class: ClassName=AutoCar Member=Component IC2 L298
Added Member To Class: ClassName=AutoCar Member=Component LCD1 LCD 16x2
Added Member To Class: ClassName=AutoCar Member=Component Left_motor Header6
Added Member To Class: ClassName=AutoCar Member=Component Right_motor Header6
Change Room Name: Old Name=SmartHome New Name=AutoCar
Change Room Scope: Old Scope=InComponentClass('SmartHome') New Scope=InComponentClass('AutoCar')
